<?xml version="1.0" encoding="UTF-8"?>
<!-- Generated by org.testng.reporters.JUnitReportReporter -->
<testsuite hostname="DESKTOP-IOIEIIB" failures="0" tests="1" name="test.PetStoreTest" time="2.516" errors="0" timestamp="2023-08-02T13:06:37 CDT" skipped="0">
  <testcase classname="test.PetStoreTest" name="verifySignup" time="2.516"/>
</testsuite> <!-- test.PetStoreTest -->
