<?xml version="1.0" encoding="UTF-8"?>
<!-- Generated by org.testng.reporters.JUnitReportReporter -->
<testsuite hostname="DESKTOP-IOIEIIB" failures="0" tests="10" name="test.PetStoreTest" time="34.992" errors="0" timestamp="2023-08-16T10:34:44 CDT" skipped="0">
  <testcase classname="test.PetStoreTest" name="verifyBrowsingCats" time="1.478"/>
  <testcase classname="test.PetStoreTest" name="verifyItemQuantityUpdate" time="6.802"/>
  <testcase classname="test.PetStoreTest" name="verifySearch" time="0.510"/>
  <testcase classname="test.PetStoreTest" name="verifyBrowsingFish" time="0.881"/>
  <testcase classname="test.PetStoreTest" name="verifyBrowsingDogs" time="0.728"/>
  <testcase classname="test.PetStoreTest" name="verifyAddAndRemove" time="1.971"/>
  <testcase classname="test.PetStoreTest" name="verifyOrder" time="7.705"/>
  <testcase classname="test.PetStoreTest" name="verifySignup" time="1.766"/>
  <testcase classname="test.PetStoreTest" name="verifyBrowsingBirds" time="6.426"/>
  <testcase classname="test.PetStoreTest" name="verifyBrowsingReptiles" time="6.725"/>
</testsuite> <!-- test.PetStoreTest -->
