<?xml version="1.0" encoding="UTF-8"?>
<!-- Generated by org.testng.reporters.JUnitReportReporter -->
<testsuite hostname="DESKTOP-IOIEIIB" failures="0" tests="1" name="test.PetStoreTest" time="7.595" errors="0" timestamp="2023-08-08T14:02:28 CDT" skipped="0">
  <testcase classname="test.PetStoreTest" name="verifyItemQuantityUpdate" time="7.595"/>
</testsuite> <!-- test.PetStoreTest -->
