<?xml version="1.0" encoding="UTF-8"?>
<!-- Generated by org.testng.reporters.JUnitReportReporter -->
<testsuite hostname="DESKTOP-IOIEIIB" failures="0" tests="1" name="test.PetStoreTest" time="7.173" errors="0" timestamp="2023-08-02T10:00:18 CDT" skipped="0">
  <testcase classname="test.PetStoreTest" name="verifySignup" time="7.173"/>
</testsuite> <!-- test.PetStoreTest -->
