<?xml version="1.0" encoding="UTF-8"?>
<!-- Generated by org.testng.reporters.JUnitReportReporter -->
<testsuite hostname="DESKTOP-IOIEIIB" failures="0" tests="1" name="test.PetStoreTest" time="1.468" errors="0" timestamp="2023-08-03T15:19:23 CDT" skipped="0">
  <testcase classname="test.PetStoreTest" name="verifySearch" time="1.468"/>
</testsuite> <!-- test.PetStoreTest -->
