<?xml version="1.0" encoding="UTF-8"?>
<!-- Generated by org.testng.reporters.JUnitReportReporter -->
<testsuite hostname="DESKTOP-IOIEIIB" failures="0" tests="5" name="test.PetStoreTest" time="16.507" errors="0" timestamp="2023-08-03T11:17:42 CDT" skipped="0">
  <testcase classname="test.PetStoreTest" name="verifyBrowsingDogs" time="0.823"/>
  <testcase classname="test.PetStoreTest" name="verifyBrowsingCats" time="0.812"/>
  <testcase classname="test.PetStoreTest" name="verifyBrowsingBirds" time="7.350"/>
  <testcase classname="test.PetStoreTest" name="verifyBrowsingFish" time="0.883"/>
  <testcase classname="test.PetStoreTest" name="verifyBrowsingReptiles" time="6.639"/>
</testsuite> <!-- test.PetStoreTest -->
