<?xml version="1.0" encoding="UTF-8"?>
<!-- Generated by org.testng.reporters.JUnitReportReporter -->
<testsuite hostname="DESKTOP-IOIEIIB" failures="0" tests="1" name="test.PetStoreTest" time="2.584" errors="0" timestamp="2023-08-08T13:14:00 CDT" skipped="0">
  <testcase classname="test.PetStoreTest" name="verifyAddAndRemove" time="2.584"/>
</testsuite> <!-- test.PetStoreTest -->
